# JRE version: Java(TM) SE Runtime Environment (25.0.1+8) (build 25.0.1+8-LTS-27)
# Java VM: Java HotSpot(TM) 64-Bit Server VM (25.0.1+8-LTS-27, mixed mode, sharing, tiered, compressed oops, compressed class ptrs, g1 gc, windows-amd64)
GC Precious Log:
 CardTable entry size: 512
 Card Set container configuration: InlinePtr #cards 4 size 8 Array Of Cards #cards 16 size 48 Howl #buckets 8 coarsen threshold 3686 Howl Bitmap #cards 512 size 80 coarsen threshold 460 Card regions per heap region 1 cards per card region 4096
 CPUs: 8 total, 8 available
 Memory: 15647M
 Large Page Support: Disabled
 NUMA Support: Disabled
 Compressed Oops: Enabled (Zero based)
 Heap Region Size: 2M
 Heap Min Capacity: 8M
 Heap Initial Capacity: 246M
 Heap Max Capacity: 3912M
 Pre-touch: Disabled
 Parallel Workers: 8
 Concurrent Workers: 2
 Concurrent Refinement Workers: 8
 Periodic GC: Disabled
Heap:
 garbage-first heap   total reserved 4005888K, committed 374784K, used 202438K [0x000000070b800000, 0x0000000800000000)
  region size 2048K, 3 young (6144K), 3 survivors (6144K)
GC Heap Usage History (20 events):
Event: 21.476 {heap After GC invocations=43 (full 0):
 garbage-first heap   total reserved 4005888K, committed 133120K, used 47263K [0x000000070b800000, 0x0000000800000000)
  region size 2048K, 3 young (6144K), 3 survivors (6144K)
}
Event: 21.992 {heap Before GC invocations=44 (full 0):
 garbage-first heap   total reserved 4005888K, committed 133120K, used 120991K [0x000000070b800000, 0x0000000800000000)
  region size 2048K, 39 young (79872K), 3 survivors (6144K)
}
Event: 22.002 {heap After GC invocations=45 (full 0):
 garbage-first heap   total reserved 4005888K, committed 135168K, used 54342K [0x000000070b800000, 0x0000000800000000)
  region size 2048K, 5 young (10240K), 5 survivors (10240K)
}
Event: 22.212 {heap Before GC invocations=45 (full 0):
 garbage-first heap   total reserved 4005888K, committed 135168K, used 119878K [0x000000070b800000, 0x0000000800000000)
  region size 2048K, 37 young (75776K), 5 survivors (10240K)
}
Event: 22.234 {heap After GC invocations=46 (full 0):
 garbage-first heap   total reserved 4005888K, committed 155648K, used 76288K [0x000000070b800000, 0x0000000800000000)
  region size 2048K, 5 young (10240K), 5 survivors (10240K)
}
Event: 22.277 {heap Before GC invocations=46 (full 0):
 garbage-first heap   total reserved 4005888K, committed 155648K, used 92672K [0x000000070b800000, 0x0000000800000000)
  region size 2048K, 14 young (28672K), 5 survivors (10240K)
}
Event: 22.289 {heap After GC invocations=47 (full 0):
 garbage-first heap   total reserved 4005888K, committed 155648K, used 85104K [0x000000070b800000, 0x0000000800000000)
  region size 2048K, 4 young (8192K), 4 survivors (8192K)
}
Event: 22.436 {heap Before GC invocations=48 (full 0):
 garbage-first heap   total reserved 4005888K, committed 155648K, used 130160K [0x000000070b800000, 0x0000000800000000)
  region size 2048K, 25 young (51200K), 4 survivors (8192K)
}
Event: 22.445 {heap After GC invocations=49 (full 0):
 garbage-first heap   total reserved 4005888K, committed 155648K, used 90250K [0x000000070b800000, 0x0000000800000000)
  region size 2048K, 2 young (4096K), 2 survivors (4096K)
}
Event: 22.558 {heap Before GC invocations=49 (full 0):
 garbage-first heap   total reserved 4005888K, committed 155648K, used 131210K [0x000000070b800000, 0x0000000800000000)
  region size 2048K, 22 young (45056K), 2 survivors (4096K)
}
Event: 22.566 {heap After GC invocations=50 (full 0):
 garbage-first heap   total reserved 4005888K, committed 374784K, used 96179K [0x000000070b800000, 0x0000000800000000)
  region size 2048K, 3 young (6144K), 3 survivors (6144K)
}
Event: 22.975 {heap Before GC invocations=50 (full 0):
 garbage-first heap   total reserved 4005888K, committed 374784K, used 290739K [0x000000070b800000, 0x0000000800000000)
  region size 2048K, 98 young (200704K), 3 survivors (6144K)
}
Event: 23.019 {heap After GC invocations=51 (full 0):
 garbage-first heap   total reserved 4005888K, committed 374784K, used 168454K [0x000000070b800000, 0x0000000800000000)
  region size 2048K, 13 young (26624K), 13 survivors (26624K)
}
Event: 23.044 {heap Before GC invocations=51 (full 0):
 garbage-first heap   total reserved 4005888K, committed 374784K, used 176646K [0x000000070b800000, 0x0000000800000000)
  region size 2048K, 18 young (36864K), 13 survivors (26624K)
}
Event: 23.063 {heap After GC invocations=52 (full 0):
 garbage-first heap   total reserved 4005888K, committed 374784K, used 177194K [0x000000070b800000, 0x0000000800000000)
  region size 2048K, 3 young (6144K), 3 survivors (6144K)
}
Event: 23.392 {heap Before GC invocations=53 (full 0):
 garbage-first heap   total reserved 4005888K, committed 374784K, used 289834K [0x000000070b800000, 0x0000000800000000)
  region size 2048K, 57 young (116736K), 3 survivors (6144K)
}
Event: 23.408 {heap After GC invocations=54 (full 0):
 garbage-first heap   total reserved 4005888K, committed 374784K, used 196608K [0x000000070b800000, 0x0000000800000000)
  region size 2048K, 8 young (16384K), 8 survivors (16384K)
}
Event: 24.109 {heap Before GC invocations=54 (full 0):
 garbage-first heap   total reserved 4005888K, committed 374784K, used 301056K [0x000000070b800000, 0x0000000800000000)
  region size 2048K, 59 young (120832K), 8 survivors (16384K)
}
Event: 24.122 {heap After GC invocations=55 (full 0):
 garbage-first heap   total reserved 4005888K, committed 374784K, used 200442K [0x000000070b800000, 0x0000000800000000)
  region size 2048K, 2 young (4096K), 2 survivors (4096K)
}
Event: 25.296 {heap Before GC invocations=55 (full 0):
 garbage-first heap   total reserved 4005888K, committed 374784K, used 311034K [0x000000070b800000, 0x0000000800000000)
  region size 2048K, 56 young (114688K), 2 survivors (4096K)
}

